<?xml version="1.0" encoding="UTF-8"?>
<testng-results skipped="0" failed="0" total="1" passed="1">
  <reporter-output>
  </reporter-output>
  <suite name="Default suite" duration-ms="101" started-at="2017-04-05T12:07:59Z" finished-at="2017-04-05T12:07:59Z">
    <groups>
    </groups>
    <test name="Default test" duration-ms="101" started-at="2017-04-05T12:07:59Z" finished-at="2017-04-05T12:07:59Z">
      <class name="easytox.apptest.utils.ReadPropFile">
        <test-method status="PASS" signature="readprop()" name="readprop" duration-ms="46" started-at="2017-04-05T12:07:59Z" finished-at="2017-04-05T12:07:59Z">
        </test-method>
      </class>
    </test>
  </suite>
</testng-results>
